<?xml version="1.0" encoding="UTF-8"?>
<!-- Generated by org.testng.reporters.JUnitXMLReporter -->
<testsuite ignored="0" hostname="LAPTOP-ATU9KBGA" failures="0" tests="7" name="Default test" time="9.756" errors="0" timestamp="2024-10-04T23:34:57 IST">
  <testcase classname="CommentApi.Comments" name="AddNewComment" time="3.187"/>
  <testcase classname="CommentApi.Comments" name="Delete" time="1.511"/>
  <testcase classname="CommentApi.Comments" name="UpdateComment" time="0.998"/>
  <testcase classname="CommentApi.Comments" name="allComment" time="0.965"/>
  <testcase classname="CommentApi.Comments" name="commentByPostid" time="0.971"/>
  <testcase classname="CommentApi.Comments" name="singleComment" time="0.919"/>
  <testcase classname="CommentApi.Comments" name="skipComment" time="1.125"/>
</testsuite> <!-- Default test -->
